0 info it worked if it ends with ok
1 verbose cli [ '/usr/bin/nodejs', '/usr/bin/npm', 'start' ]
2 info using npm@3.10.3
3 info using node@v6.5.0
4 verbose run-script [ 'prestart', 'start', 'poststart' ]
5 info lifecycle appfabric@0.1.0~prestart: appfabric@0.1.0
6 silly lifecycle appfabric@0.1.0~prestart: no script for prestart, continuing
7 info lifecycle appfabric@0.1.0~start: appfabric@0.1.0
8 verbose lifecycle appfabric@0.1.0~start: unsafe-perm in lifecycle true
9 verbose lifecycle appfabric@0.1.0~start: PATH: /usr/lib/node_modules/npm/bin/node-gyp-bin:/home/nischay/Training/AppFabric/node_modules/.bin:/usr/bin:/usr/local/sbin:/usr/local/bin:/usr/sbin:/usr/bin:/sbin:/bin:/usr/games:/usr/local/games:/snap/bin
10 verbose lifecycle appfabric@0.1.0~start: CWD: /home/nischay/Training/AppFabric
11 silly lifecycle appfabric@0.1.0~start: Args: [ '-c',
11 silly lifecycle   'webpack-dev-server --content-base public --hot --inline' ]
12 silly lifecycle appfabric@0.1.0~start: Returned: code: 1  signal: null
13 info lifecycle appfabric@0.1.0~start: Failed to exec start script
14 verbose stack Error: appfabric@0.1.0 start: `webpack-dev-server --content-base public --hot --inline`
14 verbose stack Exit status 1
14 verbose stack     at EventEmitter.<anonymous> (/usr/lib/node_modules/npm/lib/utils/lifecycle.js:242:16)
14 verbose stack     at emitTwo (events.js:106:13)
14 verbose stack     at EventEmitter.emit (events.js:191:7)
14 verbose stack     at ChildProcess.<anonymous> (/usr/lib/node_modules/npm/lib/utils/spawn.js:40:14)
14 verbose stack     at emitTwo (events.js:106:13)
14 verbose stack     at ChildProcess.emit (events.js:191:7)
14 verbose stack     at maybeClose (internal/child_process.js:877:16)
14 verbose stack     at Process.ChildProcess._handle.onexit (internal/child_process.js:226:5)
15 verbose pkgid appfabric@0.1.0
16 verbose cwd /home/nischay/Training/AppFabric
17 error Linux 4.4.0-38-generic
18 error argv "/usr/bin/nodejs" "/usr/bin/npm" "start"
19 error node v6.5.0
20 error npm  v3.10.3
21 error code ELIFECYCLE
22 error appfabric@0.1.0 start: `webpack-dev-server --content-base public --hot --inline`
22 error Exit status 1
23 error Failed at the appfabric@0.1.0 start script 'webpack-dev-server --content-base public --hot --inline'.
23 error Make sure you have the latest version of node.js and npm installed.
23 error If you do, this is most likely a problem with the appfabric package,
23 error not with npm itself.
23 error Tell the author that this fails on your system:
23 error     webpack-dev-server --content-base public --hot --inline
23 error You can get information on how to open an issue for this project with:
23 error     npm bugs appfabric
23 error Or if that isn't available, you can get their info via:
23 error     npm owner ls appfabric
23 error There is likely additional logging output above.
24 verbose exit [ 1, true ]
